\BOOKMARK [0][-]{chapter.1}{\376\377\000M\000a\000c\000h\000i\000n\000e\000\040\000L\000e\000a\000r\000n\000i\000n\000g}{}% 1
\BOOKMARK [1][-]{section.1.1}{\376\377\000W\000a\000t\000\040\000i\000s\000\040\000m\000a\000c\000h\000i\000n\000e\000\040\000l\000e\000a\000r\000n\000i\000n\000g\000?}{chapter.1}% 2
\BOOKMARK [1][-]{section.1.2}{\376\377\000T\000e\000r\000m\000i\000n\000o\000l\000o\000g\000i\000e\000\040\000e\000n\000\040\000n\000o\000t\000a\000t\000i\000e}{chapter.1}% 3
\BOOKMARK [1][-]{section.1.3}{\376\377\000P\000r\000e\000d\000i\000c\000t\000i\000e}{chapter.1}% 4
\BOOKMARK [0][-]{chapter.2}{\376\377\000S\000u\000p\000e\000r\000v\000i\000s\000e\000d\000\040\000L\000e\000a\000r\000n\000i\000n\000g}{}% 5
\BOOKMARK [1][-]{section.2.1}{\376\377\000S\000u\000p\000e\000r\000v\000i\000s\000e\000d\000\040\000v\000s\000\040\000u\000n\000s\000u\000p\000e\000r\000v\000i\000s\000e\000d}{chapter.2}% 6
\BOOKMARK [1][-]{section.2.2}{\376\377\000V\000o\000r\000m\000e\000n\000\040\000v\000a\000n\000\040\000s\000u\000p\000e\000r\000v\000i\000s\000e\000d\000\040\000l\000e\000a\000r\000n\000i\000n\000g}{chapter.2}% 7
\BOOKMARK [0][-]{chapter.3}{\376\377\000C\000l\000a\000s\000s\000i\000f\000i\000c\000a\000t\000i\000e}{}% 8
\BOOKMARK [1][-]{section.3.1}{\376\377\000W\000a\000t\000\040\000i\000s\000\040\000c\000l\000a\000s\000s\000i\000f\000i\000c\000a\000t\000i\000e\000?}{chapter.3}% 9
\BOOKMARK [1][-]{section.3.2}{\376\377\000E\000n\000k\000e\000l\000e\000\040\000t\000o\000e\000p\000a\000s\000s\000i\000n\000g\000e\000n}{chapter.3}% 10
\BOOKMARK [0][-]{chapter.4}{\376\377\000H\000e\000t\000\040\000m\000o\000d\000e\000l}{}% 11
\BOOKMARK [1][-]{section.4.1}{\376\377\000B\000i\000a\000s}{chapter.4}% 12
\BOOKMARK [2][-]{subsection.4.1.1}{\376\377\000A\000l\000g\000o\000r\000i\000t\000h\000m\000i\000c\000\040\000b\000i\000a\000s}{section.4.1}% 13
\BOOKMARK [2][-]{subsection.4.1.2}{\376\377\000S\000a\000m\000p\000l\000i\000n\000g\000\040\000b\000i\000a\000s}{section.4.1}% 14
\BOOKMARK [1][-]{section.4.2}{\376\377\000V\000a\000r\000i\000a\000n\000t\000i\000e}{chapter.4}% 15
\BOOKMARK [1][-]{section.4.3}{\376\377\000F\000l\000e\000x\000i\000b\000i\000l\000i\000t\000e\000i\000t\000\040\000v\000a\000n\000\040\000h\000e\000t\000\040\000m\000o\000d\000e\000l\000\040\000b\000e\000p\000a\000l\000e\000n}{chapter.4}% 16
\BOOKMARK [2][-]{subsection.4.3.1}{\376\377\000M\000e\000t\000a\000p\000a\000r\000a\000m\000e\000t\000e\000r\000s}{section.4.3}% 17
\BOOKMARK [2][-]{subsection.4.3.2}{\376\377\000C\000r\000o\000s\000s\000-\000v\000a\000l\000i\000d\000a\000t\000i\000o\000n}{section.4.3}% 18
\BOOKMARK [0][-]{chapter.5}{\376\377\000F\000e\000a\000t\000u\000r\000e\000s}{}% 19
\BOOKMARK [1][-]{section.5.1}{\376\377\000O\000v\000e\000r\000z\000i\000c\000h\000t}{chapter.5}% 20
\BOOKMARK [1][-]{section.5.2}{\376\377\000L\000i\000m\000i\000t\000a\000t\000i\000e\000s}{chapter.5}% 21
\BOOKMARK [1][-]{section.5.3}{\376\377\000S\000e\000l\000e\000c\000t\000i\000e}{chapter.5}% 22
\BOOKMARK [0][-]{chapter.6}{\376\377\000S\000u\000p\000p\000o\000r\000t\000\040\000V\000e\000c\000t\000o\000r\000\040\000M\000a\000c\000h\000i\000n\000e\000s}{}% 23
\BOOKMARK [1][-]{section.6.1}{\376\377\000I\000n\000l\000e\000i\000d\000i\000n\000g}{chapter.6}% 24
\BOOKMARK [1][-]{section.6.2}{\376\377\000H\000e\000t\000\040\000s\000c\000h\000e\000i\000d\000i\000n\000g\000s\000p\000r\000i\000n\000c\000i\000p\000e}{chapter.6}% 25
\BOOKMARK [1][-]{section.6.3}{\376\377\000W\000a\000a\000r\000o\000m\000\040\000S\000V\000M\000\040\000e\000n\000\040\000g\000e\000e\000n\000\040\000a\000n\000d\000e\000r\000e\000\040\000c\000l\000a\000s\000s\000i\000f\000i\000c\000a\000t\000i\000e\000t\000e\000c\000h\000n\000i\000e\000k\000?}{chapter.6}% 26
\BOOKMARK [1][-]{section.6.4}{\376\377\000W\000i\000s\000k\000u\000n\000d\000i\000g\000e\000\040\000b\000e\000r\000e\000k\000e\000n\000i\000n\000g\000\040\000v\000a\000n\000\040\000h\000e\000t\000\040\000m\000o\000d\000e\000l}{chapter.6}% 27
\BOOKMARK [2][-]{subsection.6.4.1}{\376\377\000D\000e\000\040\000h\000y\000p\000e\000r\000v\000l\000a\000k\000k\000e\000n}{section.6.4}% 28
\BOOKMARK [2][-]{subsection.6.4.2}{\376\377\000T\000r\000a\000i\000n\000e\000n\000\040\000v\000a\000n\000\040\000h\000e\000t\000\040\000m\000o\000d\000e\000l}{section.6.4}% 29
\BOOKMARK [2][-]{subsection.6.4.3}{\376\377\000R\000e\000g\000u\000l\000a\000r\000i\000s\000a\000t\000i\000e\000p\000a\000r\000a\000m\000e\000t\000e\000r}{section.6.4}% 30
