\BOOKMARK [0][-]{chapter.1}{\376\377\000S\000i\000t\000u\000e\000r\000i\000n\000g\000\040\000v\000a\000n\000\040\000S\000V\000M\000\040\000b\000i\000n\000n\000e\000n\000\040\000m\000a\000c\000h\000i\000n\000e\000\040\000l\000e\000a\000r\000n\000i\000n\000g}{}% 1
\BOOKMARK [1][-]{section.1.1}{\376\377\000W\000a\000t\000\040\000i\000s\000\040\000m\000a\000c\000h\000i\000n\000e\000\040\000l\000e\000a\000r\000n\000i\000n\000g\000?}{chapter.1}% 2
\BOOKMARK [1][-]{section.1.2}{\376\377\000T\000e\000r\000m\000i\000n\000o\000l\000o\000g\000i\000e\000\040\000e\000n\000\040\000n\000o\000t\000a\000t\000i\000e}{chapter.1}% 3
\BOOKMARK [1][-]{section.1.3}{\376\377\000S\000u\000p\000e\000r\000v\000i\000s\000e\000d\000\040\000l\000e\000a\000r\000n\000i\000n\000g}{chapter.1}% 4
\BOOKMARK [2][-]{subsection.1.3.1}{\376\377\000U\000i\000t\000b\000r\000e\000i\000d\000i\000n\000g\000\040\000v\000a\000n\000\040\000d\000e\000\040\000n\000o\000t\000a\000t\000i\000e}{section.1.3}% 5
\BOOKMARK [1][-]{section.1.4}{\376\377\000C\000l\000a\000s\000s\000i\000f\000i\000c\000a\000t\000i\000e}{chapter.1}% 6
\BOOKMARK [0][-]{chapter.2}{\376\377\000H\000e\000t\000\040\000m\000a\000x\000i\000m\000u\000m\000\040\000m\000a\000r\000g\000i\000n\000-\000p\000r\000i\000n\000c\000i\000p\000e}{}% 7
\BOOKMARK [1][-]{section.2.1}{\376\377\000D\000e\000\040\000h\000y\000p\000e\000r\000v\000l\000a\000k\000k\000e\000n}{chapter.2}% 8
\BOOKMARK [1][-]{section.2.2}{\376\377\000D\000e\000\040\000m\000a\000r\000g\000e\000\040\000m\000a\000x\000i\000m\000a\000l\000i\000s\000e\000r\000e\000n}{chapter.2}% 9
\BOOKMARK [2][-]{subsection.2.2.1}{\376\377\000H\000i\000n\000g\000e\000\040\000l\000o\000s\000s}{section.2.2}% 10
\BOOKMARK [2][-]{subsection.2.2.2}{\376\377\000D\000e\000\040\000k\000o\000s\000t\000f\000u\000n\000c\000t\000i\000e}{section.2.2}% 11
\BOOKMARK [0][-]{chapter.3}{\376\377\000D\000e\000\040\000r\000e\000g\000u\000l\000a\000r\000i\000s\000a\000t\000i\000e\000p\000a\000r\000a\000m\000e\000t\000e\000r\000\040}{}% 12
\BOOKMARK [1][-]{section.3.1}{\376\377\000W\000a\000t\000\040\000i\000s\000\040\000e\000e\000n\000\040\000m\000e\000t\000a\000p\000a\000r\000a\000m\000e\000t\000e\000r\000?}{chapter.3}% 13
\BOOKMARK [1][-]{section.3.2}{\376\377\000H\000e\000t\000\040\000b\000e\000l\000a\000n\000g\000\040\000v\000a\000n\000\040\000d\000e\000\040\000r\000e\000g\000u\000l\000a\000r\000i\000s\000a\000t\000i\000e\000p\000a\000r\000a\000m\000e\000t\000e\000r}{chapter.3}% 14
\BOOKMARK [2][-]{subsection.3.2.1}{\376\377\000B\000i\000a\000s}{section.3.2}% 15
\BOOKMARK [2][-]{subsection.3.2.2}{\376\377\000V\000a\000r\000i\000a\000n\000t\000i\000e}{section.3.2}% 16
\BOOKMARK [1][-]{section.3.3}{\376\377\000B\000i\000a\000s\000-\000v\000a\000r\000i\000a\000n\000c\000e\000\040\000t\000r\000a\000d\000e\000-\000o\000f\000f}{chapter.3}% 17
\BOOKMARK [1][-]{section.3.4}{\376\377\000C\000r\000o\000s\000s\000-\000v\000a\000l\000i\000d\000a\000t\000i\000o\000n}{chapter.3}% 18
\BOOKMARK [2][-]{subsection.3.4.1}{\376\377\000D\000e\000\040\000d\000a\000t\000a\000\040\000o\000p\000s\000p\000l\000i\000t\000s\000e\000n}{section.3.4}% 19
\BOOKMARK [2][-]{subsection.3.4.2}{\376\377\000I\000t\000e\000r\000e\000r\000e\000n\000\040\000o\000v\000e\000r\000\040\000v\000e\000r\000s\000c\000h\000i\000l\000l\000e\000n\000d\000e\000\040\000w\000a\000a\000r\000d\000e\000s\000\040\000v\000o\000o\000r\000\040}{section.3.4}% 20
\BOOKMARK [0][-]{chapter.4}{\376\377\000V\000e\000r\000g\000e\000l\000i\000j\000k\000i\000n\000g\000\040\000m\000e\000t\000\040\000a\000n\000d\000e\000r\000e\000\040\000c\000l\000a\000s\000s\000i\000f\000i\000c\000a\000t\000i\000e\000t\000e\000c\000h\000n\000i\000e\000k\000e\000n}{}% 21
\BOOKMARK [0][-]{chapter.5}{\376\377\000R\000e\000s\000u\000l\000t\000a\000t\000e\000n\000\040\000o\000p\000\040\000o\000n\000z\000e\000\040\000d\000a\000t\000a\000s\000e\000t}{}% 22
\BOOKMARK [1][-]{section.5.1}{\376\377\000F\000e\000a\000t\000u\000r\000e\000s}{chapter.5}% 23
\BOOKMARK [2][-]{subsection.5.1.1}{\376\377\000L\000i\000m\000i\000t\000a\000t\000i\000e\000s}{section.5.1}% 24
\BOOKMARK [2][-]{subsection.5.1.2}{\376\377\000S\000e\000l\000e\000c\000t\000i\000e}{section.5.1}% 25
\BOOKMARK [1][-]{section.5.2}{\376\377\000E\000v\000a\000l\000u\000a\000t\000i\000e\000\040\000v\000a\000n\000\040\000d\000e\000\040\000a\000c\000c\000u\000r\000a\000a\000t\000h\000e\000i\000d}{chapter.5}% 26
